TN:
SF:js/CircuitBreaker/CircuitBreaker.js
FN:16,(anonymous_0)
FN:37,(anonymous_1)
FN:56,(anonymous_2)
FN:57,(anonymous_3)
FN:106,(anonymous_4)
FN:113,(anonymous_5)
FN:130,(anonymous_6)
FN:134,(anonymous_7)
FN:144,(anonymous_8)
FN:151,(anonymous_9)
FN:157,(anonymous_10)
FNF:11
FNH:10
FNDA:21,(anonymous_0)
FNDA:28,(anonymous_1)
FNDA:26,(anonymous_2)
FNDA:2,(anonymous_3)
FNDA:0,(anonymous_4)
FNDA:16,(anonymous_5)
FNDA:6,(anonymous_6)
FNDA:2,(anonymous_7)
FNDA:2,(anonymous_8)
FNDA:1,(anonymous_9)
FNDA:1,(anonymous_10)
DA:5,21
DA:8,21
DA:9,21
DA:12,21
DA:13,21
DA:14,21
DA:17,21
DA:19,20
DA:26,20
DA:27,20
DA:28,20
DA:29,20
DA:31,20
DA:32,20
DA:33,20
DA:34,20
DA:38,28
DA:39,1
DA:42,27
DA:44,1
DA:45,0
DA:47,1
DA:49,0
DA:51,0
DA:54,26
DA:56,26
DA:57,26
DA:58,2
DA:62,26
DA:68,6
DA:69,4
DA:70,4
DA:74,6
DA:75,1
DA:77,6
DA:78,6
DA:80,6
DA:84,20
DA:85,10
DA:86,10
DA:89,20
DA:90,20
DA:92,20
DA:93,10
DA:94,10
DA:97,20
DA:102,10
DA:103,7
DA:106,10
DA:107,0
DA:108,0
DA:114,16
DA:115,16
DA:117,16
DA:118,1
DA:119,1
DA:122,16
DA:123,0
DA:124,0
DA:127,16
DA:131,6
DA:135,2
DA:145,2
DA:146,2
DA:147,2
DA:152,1
DA:153,1
DA:158,1
LF:68
LH:61
BRDA:16,0,0,1
BRDA:38,1,0,1
BRDA:38,1,1,27
BRDA:42,2,0,1
BRDA:42,2,1,0
BRDA:44,3,0,0
BRDA:44,3,1,1
BRDA:68,4,0,4
BRDA:68,4,1,2
BRDA:74,5,0,1
BRDA:74,5,1,5
BRDA:84,6,0,10
BRDA:84,6,1,10
BRDA:92,7,0,10
BRDA:92,7,1,10
BRDA:102,8,0,7
BRDA:102,8,1,3
BRDA:107,9,0,0
BRDA:107,9,1,0
BRDA:107,10,0,0
BRDA:107,10,1,0
BRDA:117,11,0,1
BRDA:117,11,1,15
BRDA:122,12,0,0
BRDA:122,12,1,16
BRDA:145,13,0,2
BRDA:145,13,1,0
BRDA:152,14,0,1
BRDA:152,14,1,0
BRF:29
BRH:20
end_of_record
TN:
SF:js/Logger/WorkerManager.js
FN:2,(anonymous_0)
FN:18,(anonymous_1)
FN:29,(anonymous_2)
FN:34,(anonymous_3)
FN:58,(anonymous_4)
FN:83,(anonymous_5)
FN:89,(anonymous_6)
FN:103,(anonymous_7)
FN:105,(anonymous_8)
FN:109,(anonymous_9)
FN:125,(anonymous_10)
FN:138,(anonymous_11)
FN:158,(anonymous_12)
FN:168,(anonymous_13)
FN:173,(anonymous_14)
FN:215,(anonymous_15)
FN:216,(anonymous_16)
FN:218,(anonymous_17)
FN:223,(anonymous_18)
FN:235,(anonymous_19)
FN:248,(anonymous_20)
FNF:21
FNH:5
FNDA:30,(anonymous_0)
FNDA:30,(anonymous_1)
FNDA:32,(anonymous_2)
FNDA:28,(anonymous_3)
FNDA:0,(anonymous_4)
FNDA:0,(anonymous_5)
FNDA:0,(anonymous_6)
FNDA:0,(anonymous_7)
FNDA:0,(anonymous_8)
FNDA:0,(anonymous_9)
FNDA:20,(anonymous_10)
FNDA:0,(anonymous_11)
FNDA:0,(anonymous_12)
FNDA:0,(anonymous_13)
FNDA:0,(anonymous_14)
FNDA:0,(anonymous_15)
FNDA:0,(anonymous_16)
FNDA:0,(anonymous_17)
FNDA:0,(anonymous_18)
FNDA:0,(anonymous_19)
FNDA:0,(anonymous_20)
DA:3,30
DA:4,30
DA:5,30
DA:6,30
DA:7,30
DA:8,30
DA:9,30
DA:11,30
DA:12,30
DA:14,0
DA:19,30
DA:20,0
DA:30,32
DA:31,4
DA:34,28
DA:35,28
DA:37,28
DA:38,28
DA:39,0
DA:40,0
DA:42,28
DA:43,28
DA:45,28
DA:49,28
DA:59,0
DA:60,0
DA:63,0
DA:64,0
DA:68,0
DA:69,0
DA:70,0
DA:73,0
DA:74,0
DA:76,0
DA:77,0
DA:78,0
DA:79,0
DA:81,0
DA:82,0
DA:83,0
DA:89,0
DA:90,0
DA:91,0
DA:92,0
DA:95,0
DA:96,0
DA:97,0
DA:103,0
DA:104,0
DA:106,0
DA:107,0
DA:110,0
DA:111,0
DA:116,0
DA:117,0
DA:126,20
DA:127,20
DA:128,0
DA:129,0
DA:130,0
DA:132,20
DA:133,20
DA:134,20
DA:135,20
DA:139,0
DA:140,0
DA:142,0
DA:143,0
DA:146,0
DA:149,0
DA:151,0
DA:152,0
DA:154,0
DA:159,0
DA:164,0
DA:165,0
DA:169,0
DA:170,0
DA:174,0
DA:175,0
DA:176,0
DA:177,0
DA:178,0
DA:184,28
DA:185,28
DA:189,28
DA:190,28
DA:191,28
DA:192,28
DA:194,28
DA:198,28
DA:199,28
DA:200,0
DA:201,0
DA:202,0
DA:203,0
DA:207,28
DA:208,0
DA:209,0
DA:210,0
DA:215,0
DA:216,0
DA:218,0
DA:219,0
DA:220,0
DA:223,0
DA:224,0
DA:225,0
DA:226,0
DA:227,0
DA:229,0
DA:230,0
DA:235,0
DA:236,0
DA:237,0
DA:238,0
DA:241,0
DA:242,0
DA:243,0
DA:248,0
DA:249,0
DA:251,0
DA:255,0
DA:256,0
DA:257,0
DA:258,0
DA:263,20
DA:264,0
DA:266,20
LF:129
LH:38
BRDA:19,0,0,0
BRDA:19,0,1,30
BRDA:30,1,0,4
BRDA:30,1,1,28
BRDA:35,2,0,0
BRDA:35,2,1,28
BRDA:59,3,0,0
BRDA:59,3,1,0
BRDA:59,4,0,0
BRDA:59,4,1,0
BRDA:63,5,0,0
BRDA:63,5,1,0
BRDA:63,6,0,0
BRDA:63,6,1,0
BRDA:69,7,0,0
BRDA:69,7,1,0
BRDA:82,8,0,0
BRDA:82,8,1,0
BRDA:127,9,0,0
BRDA:127,9,1,20
BRDA:142,10,0,0
BRDA:142,10,1,0
BRDA:151,11,0,0
BRDA:151,11,1,0
BRDA:162,12,0,0
BRDA:162,12,1,0
BRDA:175,13,0,0
BRDA:175,13,1,0
BRDA:190,14,0,28
BRDA:190,14,1,0
BRDA:207,15,0,0
BRDA:207,15,1,28
BRDA:207,16,0,28
BRDA:207,16,1,28
BRDA:207,16,2,28
BRDA:224,17,0,0
BRDA:224,17,1,0
BRDA:225,18,0,0
BRDA:225,18,1,0
BRDA:256,19,0,0
BRDA:256,19,1,0
BRF:41
BRH:10
end_of_record
TN:
SF:js/Mutex/Mutex.js
FN:14,(anonymous_0)
FN:21,(anonymous_1)
FN:26,(anonymous_2)
FN:30,(anonymous_3)
FN:35,(anonymous_4)
FN:42,(anonymous_5)
FN:54,(anonymous_6)
FN:55,(anonymous_7)
FN:56,(anonymous_8)
FN:57,(anonymous_9)
FN:60,(anonymous_10)
FN:79,(anonymous_11)
FN:85,(anonymous_12)
FN:105,(anonymous_13)
FN:150,(anonymous_14)
FN:154,(anonymous_15)
FN:161,(anonymous_16)
FN:165,(anonymous_17)
FN:169,(anonymous_18)
FN:174,(anonymous_19)
FN:183,(anonymous_20)
FN:206,(anonymous_21)
FN:208,(anonymous_22)
FN:211,(anonymous_23)
FN:211,(anonymous_24)
FN:215,(anonymous_25)
FN:222,(anonymous_26)
FN:230,(anonymous_27)
FN:234,(anonymous_28)
FN:238,(anonymous_29)
FN:241,(anonymous_30)
FN:249,(anonymous_31)
FN:260,(anonymous_32)
FNF:33
FNH:31
FNDA:53,(anonymous_0)
FNDA:201,(anonymous_1)
FNDA:200,(anonymous_2)
FNDA:197,(anonymous_3)
FNDA:6,(anonymous_4)
FNDA:191,(anonymous_5)
FNDA:185,(anonymous_6)
FNDA:0,(anonymous_7)
FNDA:0,(anonymous_8)
FNDA:11,(anonymous_9)
FNDA:6,(anonymous_10)
FNDA:6,(anonymous_11)
FNDA:6,(anonymous_12)
FNDA:5026,(anonymous_13)
FNDA:183,(anonymous_14)
FNDA:3,(anonymous_15)
FNDA:115,(anonymous_16)
FNDA:7,(anonymous_17)
FNDA:3,(anonymous_18)
FNDA:2,(anonymous_19)
FNDA:35,(anonymous_20)
FNDA:1,(anonymous_21)
FNDA:2,(anonymous_22)
FNDA:1,(anonymous_23)
FNDA:2,(anonymous_24)
FNDA:4,(anonymous_25)
FNDA:4,(anonymous_26)
FNDA:3,(anonymous_27)
FNDA:2,(anonymous_28)
FNDA:1,(anonymous_29)
FNDA:2,(anonymous_30)
FNDA:1,(anonymous_31)
FNDA:31,(anonymous_32)
DA:4,53
DA:5,53
DA:6,53
DA:8,53
DA:9,53
DA:10,53
DA:11,53
DA:12,53
DA:15,53
DA:16,53
DA:17,53
DA:18,50
DA:22,201
DA:23,1
DA:26,200
DA:27,200
DA:28,200
DA:30,200
DA:31,197
DA:32,197
DA:35,200
DA:36,6
DA:39,200
DA:41,200
DA:43,191
DA:44,0
DA:45,0
DA:46,0
DA:48,191
DA:49,191
DA:50,191
DA:51,191
DA:52,191
DA:53,191
DA:54,185
DA:55,0
DA:56,0
DA:57,11
DA:61,6
DA:62,6
DA:69,200
DA:70,76
DA:72,124
DA:73,124
DA:79,6
DA:80,6
DA:81,6
DA:82,6
DA:85,6
DA:86,6
DA:87,6
DA:93,197
DA:94,197
DA:95,191
DA:96,191
DA:101,125
DA:102,125
DA:105,125
DA:106,5026
DA:107,5026
DA:108,0
DA:109,0
DA:110,0
DA:112,5026
DA:117,189
DA:119,173
DA:120,115
DA:121,115
DA:122,115
DA:123,115
DA:129,187
DA:130,2
DA:133,185
DA:134,0
DA:137,185
DA:138,2
DA:141,183
DA:142,183
DA:143,183
DA:144,183
DA:145,183
DA:148,183
DA:150,183
DA:155,3
DA:156,1
DA:158,2
DA:162,115
DA:166,7
DA:170,3
DA:171,2
DA:175,2
DA:176,2
DA:177,2
DA:179,2
DA:184,35
DA:185,1
DA:188,34
DA:189,34
DA:190,34
DA:191,34
DA:194,34
DA:195,0
DA:197,34
DA:200,34
DA:201,0
DA:202,0
DA:207,1
DA:208,2
DA:210,1
DA:211,2
DA:216,4
DA:217,2
DA:220,2
DA:221,2
DA:222,4
DA:225,1
DA:231,3
DA:235,2
DA:240,1
DA:241,2
DA:250,1
DA:261,31
LF:122
LH:110
BRDA:14,0,0,6
BRDA:21,1,0,79
BRDA:22,2,0,1
BRDA:22,2,1,200
BRDA:43,3,0,0
BRDA:43,3,1,191
BRDA:69,4,0,76
BRDA:69,4,1,124
BRDA:69,5,0,200
BRDA:69,5,1,76
BRDA:80,6,0,6
BRDA:80,6,1,0
BRDA:94,7,0,191
BRDA:94,7,1,6
BRDA:107,8,0,0
BRDA:107,8,1,5026
BRDA:117,9,0,16
BRDA:117,9,1,173
BRDA:117,10,0,189
BRDA:117,10,1,179
BRDA:119,11,0,173
BRDA:119,11,1,115
BRDA:121,12,0,115
BRDA:121,12,1,0
BRDA:129,13,0,2
BRDA:129,13,1,185
BRDA:133,14,0,0
BRDA:133,14,1,185
BRDA:137,15,0,2
BRDA:137,15,1,183
BRDA:137,16,0,185
BRDA:137,16,1,185
BRDA:155,17,0,1
BRDA:155,17,1,2
BRDA:170,18,0,1
BRDA:170,18,1,2
BRDA:184,19,0,1
BRDA:184,19,1,34
BRDA:216,20,0,2
BRDA:216,20,1,2
BRDA:216,21,0,4
BRDA:216,21,1,3
BRF:42
BRH:37
end_of_record
TN:
SF:js/RateLimiter/RateLimiter.js
FN:10,(anonymous_0)
FN:51,(anonymous_1)
FN:58,(anonymous_2)
FN:73,(anonymous_3)
FN:89,(anonymous_4)
FN:104,(anonymous_5)
FN:113,(anonymous_6)
FN:122,(anonymous_7)
FNF:8
FNH:6
FNDA:27,(anonymous_0)
FNDA:7,(anonymous_1)
FNDA:0,(anonymous_2)
FNDA:10213,(anonymous_3)
FNDA:0,(anonymous_4)
FNDA:10489,(anonymous_5)
FNDA:14,(anonymous_6)
FNDA:4,(anonymous_7)
DA:8,27
DA:12,27
DA:15,27
DA:16,27
DA:17,27
DA:20,27
DA:21,23
DA:22,21
DA:23,1
DA:26,20
DA:27,20
DA:30,16
DA:31,16
DA:33,4
DA:34,4
DA:36,4
DA:37,4
DA:38,3
DA:39,1
DA:42,2
DA:43,2
DA:46,1
DA:47,1
DA:50,17
DA:51,17
DA:53,17
DA:54,0
DA:59,0
DA:60,0
DA:63,0
DA:65,0
DA:66,0
DA:69,0
DA:70,0
DA:74,10213
DA:75,1
DA:79,10212
DA:82,10212
DA:83,102
DA:84,102
DA:85,102
DA:86,102
DA:89,0
DA:92,10110
DA:93,10110
DA:98,10219
DA:100,10219
DA:101,10219
DA:104,10489
DA:106,10219
DA:107,14
DA:108,10205
DA:109,1
DA:114,14
DA:115,13
DA:116,13
DA:118,14
DA:123,4
LF:58
LH:49
BRDA:20,0,0,23
BRDA:20,0,1,4
BRDA:22,1,0,1
BRDA:22,1,1,20
BRDA:26,2,0,20
BRDA:26,2,1,0
BRDA:31,3,0,16
BRDA:31,3,1,0
BRDA:33,4,0,4
BRDA:33,4,1,0
BRDA:36,5,0,4
BRDA:36,5,1,1
BRDA:38,6,0,1
BRDA:38,6,1,2
BRDA:42,7,0,2
BRDA:42,7,1,0
BRDA:47,8,0,1
BRDA:47,8,1,0
BRDA:53,9,0,0
BRDA:53,9,1,17
BRDA:59,10,0,0
BRDA:59,10,1,0
BRDA:65,11,0,0
BRDA:65,11,1,0
BRDA:74,12,0,1
BRDA:74,12,1,10212
BRDA:82,13,0,102
BRDA:82,13,1,10110
BRDA:85,14,0,102
BRDA:85,14,1,0
BRDA:98,15,0,0
BRDA:98,15,1,10219
BRDA:106,16,0,14
BRDA:106,16,1,10205
BRDA:108,17,0,1
BRDA:108,17,1,10204
BRDA:114,18,0,13
BRDA:114,18,1,1
BRF:38
BRH:26
end_of_record
TN:
SF:js/Validation/Validation.js
FN:11,(anonymous_0)
FN:23,(anonymous_1)
FN:35,(anonymous_2)
FN:47,(anonymous_3)
FN:59,(anonymous_4)
FN:73,(anonymous_5)
FN:94,(anonymous_6)
FN:106,(anonymous_7)
FN:118,(anonymous_8)
FN:132,(anonymous_9)
FNF:10
FNH:10
FNDA:53,(anonymous_0)
FNDA:3,(anonymous_1)
FNDA:6,(anonymous_2)
FNDA:85,(anonymous_3)
FNDA:28,(anonymous_4)
FNDA:127,(anonymous_5)
FNDA:5,(anonymous_6)
FNDA:3,(anonymous_7)
FNDA:3,(anonymous_8)
FNDA:12,(anonymous_9)
DA:12,53
DA:13,7
DA:24,3
DA:25,1
DA:36,6
DA:37,4
DA:48,85
DA:49,6
DA:60,28
DA:61,6
DA:74,127
DA:75,2
DA:77,125
DA:78,0
DA:80,125
DA:81,14
DA:83,111
DA:84,1
DA:95,5
DA:96,3
DA:107,3
DA:108,2
DA:120,3
DA:121,3
DA:122,2
DA:133,12
DA:134,4
DA:138,8
DA:139,1
DA:143,7
DA:154,7
DA:155,3
DA:158,4
DA:159,4
DA:161,4
DA:162,0
DA:166,0
DA:167,0
DA:170,0
LF:39
LH:34
BRDA:12,0,0,7
BRDA:12,0,1,46
BRDA:12,1,0,53
BRDA:12,1,1,51
BRDA:24,2,0,1
BRDA:24,2,1,2
BRDA:24,3,0,3
BRDA:24,3,1,3
BRDA:36,4,0,4
BRDA:36,4,1,2
BRDA:36,5,0,6
BRDA:36,5,1,6
BRDA:36,5,2,4
BRDA:48,6,0,6
BRDA:48,6,1,79
BRDA:48,7,0,85
BRDA:48,7,1,83
BRDA:48,7,2,80
BRDA:60,8,0,6
BRDA:60,8,1,22
BRDA:73,9,0,101
BRDA:73,10,0,105
BRDA:74,11,0,2
BRDA:74,11,1,125
BRDA:74,12,0,127
BRDA:74,12,1,126
BRDA:77,13,0,0
BRDA:77,13,1,125
BRDA:77,14,0,125
BRDA:77,14,1,125
BRDA:80,15,0,14
BRDA:80,15,1,111
BRDA:80,16,0,125
BRDA:80,16,1,121
BRDA:83,17,0,1
BRDA:83,17,1,110
BRDA:95,18,0,3
BRDA:95,18,1,2
BRDA:95,19,0,5
BRDA:95,19,1,3
BRDA:107,20,0,2
BRDA:107,20,1,1
BRDA:107,21,0,3
BRDA:107,21,1,3
BRDA:121,22,0,2
BRDA:121,22,1,1
BRDA:121,23,0,3
BRDA:121,23,1,3
BRDA:121,23,2,1
BRDA:133,24,0,4
BRDA:133,24,1,8
BRDA:138,25,0,1
BRDA:138,25,1,7
BRDA:154,26,0,3
BRDA:154,26,1,4
BRDA:161,27,0,0
BRDA:161,27,1,4
BRDA:166,28,0,0
BRDA:166,28,1,0
BRF:59
BRH:55
end_of_record
